Vivado Simulator 2017.2
Copyright 1986-1999, 2001-2016 Xilinx, Inc. All Rights Reserved.
Running: C:/Xilinx/Vivado/2017.2/bin/unwrapped/win64.o/xelab.exe -wto ed8033d40e7f45dca0e6b30aa2257a87 --debug typical --relax --mt 2 -L xil_defaultlib -L secureip --snapshot piano_tb_func_impl xil_defaultlib.piano_tb -log elaborate.log 
Using 2 slave threads.
Starting static elaboration
Completed static elaboration
Starting simulation data flow analysis
Completed simulation data flow analysis
Time Resolution for simulation is 1ps
Compiling package std.standard
Compiling package std.textio
Compiling package ieee.std_logic_1164
Compiling package ieee.numeric_std
Compiling package unisim.vcomponents
Compiling package ieee.vital_timing
Compiling package ieee.vital_primitives
Compiling package unisim.vpkg
Compiling package ieee.std_logic_arith
Compiling package ieee.std_logic_signed
Compiling architecture bufg_v of entity unisim.BUFG [bufg_default]
Compiling architecture ibuf_v of entity unisim.IBUF [\IBUF(1,9,1,1,1,4,1,7)\]
Compiling architecture lut2_v of entity unisim.LUT2 [\LUT2(init="1000")(0,3)\]
Compiling architecture fdce_v of entity unisim.FDCE [fdce_default]
Compiling architecture lut1_v of entity unisim.LUT1 [\LUT1(init="0001")(0,3)\]
Compiling architecture lut5_v of entity unisim.LUT5 [\LUT5(init="11111111111111111000...]
Compiling architecture lut4_v of entity unisim.LUT4 [\LUT4(init="0000000000000001")(0...]
Compiling architecture lut4_v of entity unisim.LUT4 [\LUT4(init="0000000000000100")(0...]
Compiling architecture lut6_v of entity unisim.LUT6 [\LUT6(init="11111111111111111111...]
Compiling architecture lut6_v of entity unisim.LUT6 [\LUT6(init="11111111000000001111...]
Compiling architecture lut6_v of entity unisim.LUT6 [\LUT6(init="11111111000000001111...]
Compiling architecture lut6_v of entity unisim.LUT6 [\LUT6(init="11110000111100001111...]
Compiling architecture fdpe_v of entity unisim.FDPE [fdpe_default]
Compiling architecture carry4_v of entity unisim.CARRY4 [carry4_default]
Compiling architecture lut3_v of entity unisim.LUT3 [\LUT3(init="10011100")(0,7)\]
Compiling architecture fdre_v of entity unisim.FDRE [fdre_default]
Compiling architecture lut6_v of entity unisim.LUT6 [\LUT6(init="00000000000000000000...]
Compiling architecture lut4_v of entity unisim.LUT4 [\LUT4(init="0001000000000000")(0...]
Compiling architecture lut5_v of entity unisim.LUT5 [\LUT5(init="00000000000000010000...]
Compiling architecture structure of entity xil_defaultlib.clk_dvd [clk_dvd_default]
Compiling architecture structure of entity xil_defaultlib.clk_dvd_0 [clk_dvd_0_default]
Compiling architecture lut2_v of entity unisim.LUT2 [\LUT2(init="0110")(0,3)\]
Compiling architecture lut2_v of entity unisim.LUT2 [\LUT2(init="1110")(0,3)\]
Compiling architecture lut2_v of entity unisim.LUT2 [\LUT2(init="0010")(0,3)\]
Compiling architecture lut2_v of entity unisim.LUT2 [\LUT2(init="1101")(0,3)\]
Compiling architecture lut3_v of entity unisim.LUT3 [\LUT3(init="00000001")(0,7)\]
Compiling architecture lut6_v of entity unisim.LUT6 [\LUT6(init="10010000000010010000...]
Compiling architecture structure of entity xil_defaultlib.clk_dvd_1 [clk_dvd_1_default]
Compiling architecture mmcme2_adv_v of entity unisim.MMCME2_ADV [\MMCME2_ADV(clkfbout_mult_f=10.0...]
Compiling architecture obuf_v of entity unisim.OBUF [\OBUF(1,9,1,7,1,4)\]
Compiling architecture lut6_v of entity unisim.LUT6 [\LUT6(init="10101010101010101010...]
Compiling architecture lut5_v of entity unisim.LUT5 [\LUT5(init="00001001101110110011...]
Compiling architecture lut5_v of entity unisim.LUT5 [\LUT5(init="00000001100110100010...]
Compiling architecture lut5_v of entity unisim.LUT5 [\LUT5(init="00001111111111110011...]
Compiling architecture lut5_v of entity unisim.LUT5 [\LUT5(init="00000000000000000000...]
Compiling architecture lut5_v of entity unisim.LUT5 [\LUT5(init="00010010101111100010...]
Compiling architecture lut5_v of entity unisim.LUT5 [\LUT5(init="00000001011001010001...]
Compiling architecture lut5_v of entity unisim.LUT5 [\LUT5(init="00011111010000100010...]
Compiling architecture lut5_v of entity unisim.LUT5 [\LUT5(init="00011111001010110011...]
Compiling architecture lut5_v of entity unisim.LUT5 [\LUT5(init="00010101101100110011...]
Compiling architecture lut5_v of entity unisim.LUT5 [\LUT5(init="00010011011010010001...]
Compiling architecture lut5_v of entity unisim.LUT5 [\LUT5(init="00010000111001110011...]
Compiling architecture lut5_v of entity unisim.LUT5 [\LUT5(init="00010000000111110011...]
Compiling architecture structure of entity xil_defaultlib.note_gen [note_gen_default]
Compiling architecture lut3_v of entity unisim.LUT3 [\LUT3(init="01010110")(0,7)\]
Compiling architecture lut4_v of entity unisim.LUT4 [\LUT4(init="0110011010011100")(0...]
Compiling architecture lut5_v of entity unisim.LUT5 [\LUT5(init="01111000011110001110...]
Compiling architecture lut6_v of entity unisim.LUT6 [\LUT6(init="01110111111111111000...]
Compiling architecture lut4_v of entity unisim.LUT4 [\LUT4(init="0111100011100001")(0...]
Compiling architecture lut5_v of entity unisim.LUT5 [\LUT5(init="11011101010101010101...]
Compiling architecture lut4_v of entity unisim.LUT4 [\LUT4(init="0000001000101000")(0...]
Compiling architecture lut5_v of entity unisim.LUT5 [\LUT5(init="00000000000000000000...]
Compiling architecture lut2_v of entity unisim.LUT2 [\LUT2(init="1011")(0,3)\]
Compiling architecture lut2_v of entity unisim.LUT2 [\LUT2(init="0111")(0,3)\]
Compiling architecture lut3_v of entity unisim.LUT3 [\LUT3(init="01111000")(0,7)\]
Compiling architecture lut4_v of entity unisim.LUT4 [\LUT4(init="1111111010101110")(0...]
Compiling architecture lut5_v of entity unisim.LUT5 [\LUT5(init="11101010100101001100...]
Compiling architecture lut5_v of entity unisim.LUT5 [\LUT5(init="00000000000000010001...]
Compiling architecture lut5_v of entity unisim.LUT5 [\LUT5(init="11100000000000011101...]
Compiling architecture lut5_v of entity unisim.LUT5 [\LUT5(init="00011111111111100010...]
Compiling architecture lut5_v of entity unisim.LUT5 [\LUT5(init="11100000000000001100...]
Compiling architecture lut5_v of entity unisim.LUT5 [\LUT5(init="00010000110110010001...]
Compiling architecture lut5_v of entity unisim.LUT5 [\LUT5(init="11111111111000011101...]
Compiling architecture lut5_v of entity unisim.LUT5 [\LUT5(init="00000011111111100010...]
Compiling architecture lut3_v of entity unisim.LUT3 [\LUT3(init="11101111")(0,7)\]
Compiling architecture lut5_v of entity unisim.LUT5 [\LUT5(init="00000100100100011111...]
Compiling architecture lut5_v of entity unisim.LUT5 [\LUT5(init="01000000100011101111...]
Compiling architecture lut5_v of entity unisim.LUT5 [\LUT5(init="00000010101011101111...]
Compiling architecture lut5_v of entity unisim.LUT5 [\LUT5(init="10000010100101001111...]
Compiling architecture lut5_v of entity unisim.LUT5 [\LUT5(init="10001010000001001111...]
Compiling architecture lut5_v of entity unisim.LUT5 [\LUT5(init="10111000011000001111...]
Compiling architecture lut5_v of entity unisim.LUT5 [\LUT5(init="01001000000101001111...]
Compiling architecture lut3_v of entity unisim.LUT3 [\LUT3(init="11111011")(0,7)\]
Compiling architecture structure of entity xil_defaultlib.seven_seg [seven_seg_default]
Compiling architecture structure of entity xil_defaultlib.piano [piano_default]
Compiling architecture behavior of entity xil_defaultlib.piano_tb
Built simulation snapshot piano_tb_func_impl
